<?xml version="1.0" encoding="UTF-8"?>
<!-- Generated by org.testng.reporters.JUnitXMLReporter -->
<testsuite ignored="0" hostname="SaiRam" failures="0" tests="4" name="Default test" time="0.503" errors="0" timestamp="2025-06-28T23:52:06 IST">
  <testcase classname="dataDriven.excelDataProvider.dataProvide" name="testCaseData" time="0.009"/>
  <testcase classname="dataDriven.excelDataProvider.dataProvide" name="testCaseData" time="0.001"/>
  <testcase classname="dataDriven.excelDataProvider.dataProvide" name="testCaseData" time="0.002"/>
  <testcase classname="dataDriven.excelDataProvider.dataProvide" name="testCaseData" time="0.001"/>
</testsuite> <!-- Default test -->
