<?xml version="1.0" encoding="UTF-8"?>
<testng-results ignored="0" total="4" passed="4" failed="0" skipped="0">
  <reporter-output>
  </reporter-output>
  <suite started-at="2025-06-28T23:52:05 IST" name="Default suite" finished-at="2025-06-28T23:52:06 IST" duration-ms="503">
    <groups>
    </groups>
    <test started-at="2025-06-28T23:52:05 IST" name="Default test" finished-at="2025-06-28T23:52:06 IST" duration-ms="503">
      <class name="dataDriven.excelDataProvider.dataProvide">
        <test-method signature="testCaseData(java.lang.String,java.lang.String,java.lang.String,java.lang.String)[pri:0, instance:dataDriven.excelDataProvider.dataProvide@53dbe163]" started-at="2025-06-28T23:52:06 IST" name="testCaseData" data-provider="datadriven" finished-at="2025-06-28T23:52:06 IST" duration-ms="9" status="PASS">
          <params>
            <param index="0">
              <value>
                <![CDATA[Login]]>
              </value>
            </param>
            <param index="1">
              <value>
                <![CDATA[apple ]]>
              </value>
            </param>
            <param index="2">
              <value>
                <![CDATA[bat ]]>
              </value>
            </param>
            <param index="3">
              <value>
                <![CDATA[cat]]>
              </value>
            </param>
          </params>
          <reporter-output>
          </reporter-output>
        </test-method> <!-- testCaseData -->
        <test-method signature="testCaseData(java.lang.String,java.lang.String,java.lang.String,java.lang.String)[pri:0, instance:dataDriven.excelDataProvider.dataProvide@53dbe163]" started-at="2025-06-28T23:52:06 IST" name="testCaseData" data-provider="datadriven" finished-at="2025-06-28T23:52:06 IST" duration-ms="1" status="PASS">
          <params>
            <param index="0">
              <value>
                <![CDATA[Purchase]]>
              </value>
            </param>
            <param index="1">
              <value>
                <![CDATA[dog]]>
              </value>
            </param>
            <param index="2">
              <value>
                <![CDATA[egg]]>
              </value>
            </param>
            <param index="3">
              <value>
                <![CDATA[fan]]>
              </value>
            </param>
          </params>
          <reporter-output>
          </reporter-output>
        </test-method> <!-- testCaseData -->
        <test-method signature="testCaseData(java.lang.String,java.lang.String,java.lang.String,java.lang.String)[pri:0, instance:dataDriven.excelDataProvider.dataProvide@53dbe163]" started-at="2025-06-28T23:52:06 IST" name="testCaseData" data-provider="datadriven" finished-at="2025-06-28T23:52:06 IST" duration-ms="2" status="PASS">
          <params>
            <param index="0">
              <value>
                <![CDATA[Add Profile]]>
              </value>
            </param>
            <param index="1">
              <value>
                <![CDATA[facebook]]>
              </value>
            </param>
            <param index="2">
              <value>
                <![CDATA[8978249949]]>
              </value>
            </param>
            <param index="3">
              <value>
                <![CDATA[snapchat]]>
              </value>
            </param>
          </params>
          <reporter-output>
          </reporter-output>
        </test-method> <!-- testCaseData -->
        <test-method signature="testCaseData(java.lang.String,java.lang.String,java.lang.String,java.lang.String)[pri:0, instance:dataDriven.excelDataProvider.dataProvide@53dbe163]" started-at="2025-06-28T23:52:06 IST" name="testCaseData" data-provider="datadriven" finished-at="2025-06-28T23:52:06 IST" duration-ms="1" status="PASS">
          <params>
            <param index="0">
              <value>
                <![CDATA[Delete Profile]]>
              </value>
            </param>
            <param index="1">
              <value>
                <![CDATA[github ]]>
              </value>
            </param>
            <param index="2">
              <value>
                <![CDATA[linkdin]]>
              </value>
            </param>
            <param index="3">
              <value>
                <![CDATA[naukari ]]>
              </value>
            </param>
          </params>
          <reporter-output>
          </reporter-output>
        </test-method> <!-- testCaseData -->
      </class> <!-- dataDriven.excelDataProvider.dataProvide -->
    </test> <!-- Default test -->
  </suite> <!-- Default suite -->
</testng-results>
